'My'
'Mo'
'me'
'nt'
'iP'
'ho'
'ne'
'iP'
'ad'
'CH'
'OR'
'No'
'in'
'ce'
'nt'
'Me'
'rc'
'ad'
'oP'
'ag'
'An'
'dr'
'oi'
'ei'
'gh'
'ki'
'ng'
'do'
'ms'
'iO'
'Wi'
'll'
'ia'
'Hi'
'll'
'No'
'in'
'ce'
'nt'
'eT'
'or'
'So'
'ci'
'al'
'Tr'
'ad'
'in'
'iO'
'WW'
'No'
'In'
'ce'
'nt'
'iO'
'Wo'
'rl'
'dW'
'id'
'   eToro    Social Trading iOS WW    Non  Incent    iOS9+    WorldWide   '
'An'
'dr'
'oi'
'No'
'in'
'ce'
'nt'
'RP'
'An'
'dr'
'oi'
'   연인모바일    RPG에 인연이 깃들다 [Android 5+]   '
'te'
'st'
'   test   '
'Te'
'st'
'   Test   '
'iF'
'oo'
'iO'
'CP'
'Co'
'ok'
'in'
'Fe'
've'
'   Cooking Fever   '
'   放置少女   '
'Do'
'mi'
'ci'
'li'
'os'
'co'
'Or'
'de'
'fo'
'od'
'   Domicilios.com    Order food   '
'eT'
'or'
'So'
'ci'
'al'
'Tr'
'ad'
'in'
'iO'
'WW'
'No'
'In'
'ce'
'nt'
'iO'
'Wo'
'rl'
'dW'
'id'
'   eToro    Social Trading iOS WW    Non  Incent    iOS9+    WorldWide   '
'Da'
'wn'
'of'
'Ti'
'ta'
'ns'
'   Dawn of Titans   '
'AP'
'te'
'st'
'   [API]test   '
'Na'
'ms'
'hi'
'No'
'in'
'ce'
'nt'
'Go'
'Eu'
'ro'
'iO'
'CP'
'St'
'ar'
'Wa'
'rs'
'iO'
'CP'
'Ka'
'ra'
'mb'
'Ca'
'si'
'no'
'An'
'dr'
'oi'
'CP'
'Wa'
'Dr'
'ag'
'on'
'iO'
'CP'
'Pa'
'Ma'
'ke'
'Ge'
'rm'
'an'
'Vo'
'da'
'fo'
'ne'
'Ma'
'in'
'St'
're'
'am'
'CP'
'   8941  Pac Maker    Germany    Vodafone    MainStream    CPA   '
'eT'
'or'
'iO'
'CP'
'Pr'
'es'
'ch'
'oo'
'Ki'
'Ed'
'Ga'
'me'
'Bo'
'iO'
'CP'
'Be'
'tf'
'ai'
'Sp'
'or'
'ts'
'bo'
'ok'
'iO'
'CP'
'di'
're'
'ct'
'Fi'
'tp'
'la'
'An'
'dr'
'oi'
'CP'
'Be'
'tf'
'ai'
'Sp'
'or'
'ts'
'bo'
'ok'
'iO'
'CP'
'Ge'
'tt'
'iO'
'CP'
'Be'
'tf'
'ai'
'Sp'
'or'
'ts'
'Be'
'tt'
'in'
'iO'
'CP'
'DC'
'un'
'ch'
'ai'
'ne'
'An'
'dr'
'oi'
'CP'
'DC'
'un'
'ch'
'ai'
'ne'
'iO'
'CP'
'Bi'
'ki'
'ni'
'Wa'
'll'
'pa'
'pe'
'rs'
'Th'
'ai'
'la'
'nd'
'Ai'
'Ai'
'gs'
'Ad'
'ul'
'CP'
'   Bikini Wallpapers    Thailand    Ais | Ais gsm 1800    Adult    CPA   '
'Dr'
'ag'
'on'
'Ci'
'ty'
'iO'
'CP'
'Ga'
'me'
'Bo'
'Ma'
'in'
'St'
're'
'am'
'CP'
'RP'
'An'
'dr'
'oi'
'   연인모바일    RPG에 인연이 깃들다 [Android 5+]   '
'te'
'st'
'   test   '
'Te'
'st'
'   Test   '
'An'
'dr'
'oi'
'No'
'in'
'ce'
'nt'
'Se'
'xy'
'Ha'
'ir'
'Th'
'ai'
'la'
'nd'
'Ai'
'Ai'
'gs'
'Ad'
'ul'
'CP'
'   Sexy Hair    Thailand    Ais | Ais gsm 1800    Adult    CPA   '
'Ba'
'na'
'na'
'Ba'
'se'
'be'
'le'
'So'
'ut'
'af'
'ri'
'ca'
'Mt'
'Ma'
'in'
'St'
're'
'am'
'CP'
'   Banana Ba sebele    South africa    Mtn    MainStream    CPA   '
'iF'
'oo'
'iO'
'CP'
'Am'
'Di'
'ab'
'Eg'
'yp'
'Or'
'an'
'ge'
'Vo'
'da'
'fo'
'ne'
'Ma'
'in'
'St'
're'
'am'
'CP'
'   Amr Diab    Egypt    Orange | Vodafone    MainStream    CPA   '
'Lo'
've'
'me'
'Br'
'az'
'il'
'Ti'
'Ma'
'in'
'St'
're'
'am'
'CP'
'Ac'
'ti'
've'
'   Loveme    Brazil    Tim    MainStream    CPA    Active   '
'Ir'
'aq'
'Co'
'ok'
'in'
'wi'
'th'
'us'
'As'
'ia'
'ce'
'll'
'Ko'
're'
'Ma'
'in'
'St'
're'
'am'
'CP'
'   Iraq    Cooking with us    Asia cell | Korek    MainStream    CPA      '
'Do'
'wn'
'lo'
'ad'
'sh'
'ar'
'ed'
'Ba'
'kc'
'el'
'Az'
'er'
'ce'
'll'
'Na'
'mo'
'bi'
'le'
'Ma'
'in'
'St'
're'
'am'
'CP'
'Fr'
'an'
'ce'
'Li'
'dl'
'Ce'
'le'
'br'
'at'
'io'
'Ma'
'in'
'St'
're'
'am'
'CP'
'   France    Lidl Celebration    MainStream    CPL   '
'Su'
'pe'
'Ma'
'ri'
'Za'
'in'
'jo'
'Um'
'ni'
'ah'
'Or'
'an'
'ge'
'Ma'
'in'
'St'
're'
'am'
'CP'
'Se'
'xy'
'Ge'
'rm'
'an'
'Vo'
'da'
'fo'
'ne'
'Ad'
'ul'
'CP'
'   Sexy   Germany    Vodafone    Adult    CPA   '
'Ga'
'me'
'Cl'
'ub'
'Di'
'gi'
'ce'
'll'
'Ht'
'Di'
'gi'
'ce'
'Ma'
'in'
'St'
're'
'am'
'CP'
'   Games Club  Digicell  Ht     Digicel    MainStream    CPA   '
'It'
'al'
'Co'
'na'
'Ma'
'in'
'St'
're'
'am'
'CP'
'Ac'
'ti'
've'
'   Italy    Conad    MainStream    CPA    Active   '
'It'
'al'
'Eu'
'ro'
'sp'
'in'
'Ma'
'in'
'St'
're'
'am'
'CP'
'Ac'
'ti'
've'
'   Italy    Eurospin    MainStream    CPA    Active   '
'Ea'
'sy'
'Je'
'Tr'
'av'
'el'
'Vo'
'uc'
'he'
'Wi'
'fi'
'Ma'
'in'
'st'
're'
'am'
'Ad'
'ul'
'CP'
'TA'
'Es'
'pa'
'ol'
'Ip'
'ho'
'ne'
'Wi'
'fi'
'Sw'
'ee'
'ps'
'ta'
'ke'
'CP'
'Me'
'di'
'Ma'
'rk'
'Ma'
'No'
'In'
'ce'
'nt'
'Sw'
'ee'
'ps'
'ta'
'ke'
'Me'
'di'
'Ma'
'rk'
'Ma'
'In'
'ce'
'nt'
'Sw'
'ee'
'ps'
'ta'
'ke'
'Me'
'di'
'Ma'
'rk'
'Ma'
'No'
'In'
'ce'
'nt'
'Sw'
'ee'
'ps'
'ta'
'ke'
'RT'
'WW'
'No'
'In'
'ce'
'nt'
'CP'
'   RT  WW  Non  Incent  CPI  210   '
'Ho'
'ro'
'Li'
've'
'Tr'
'ue'
'Ma'
'in'
'st'
're'
'am'
'CP'
'Su'
'DT'
'AC'
'Ma'
'in'
'st'
're'
'am'
'CP'
'Ja'
'yo'
'ox'
'Or'
'an'
'ge'
'Vo'
'da'
'fo'
'ne'
'Ma'
'in'
'st'
're'
'am'
'CP'
'Ma'
'ga'
'zi'
'ne'
'Ma'
'in'
'st'
're'
'am'
'CP'
'Ka'
'ra'
'mb'
'Fr'
'ee'
'Sp'
'in'
'CP'
'Ca'
'si'
'no'
'CP'
'Vi'
'be'
'Ba'
'ng'
'al'
'in'
'Ma'
'in'
'st'
're'
'am'
'CP'
'Wh'
'at'
'sb'
'lu'
'Vo'
'da'
'co'
'Ce'
'll'
'Ma'
'in'
'st'
're'
'am'
'CP'
'Do'
'wn'
'lo'
'ad'
'Vo'
'da'
'fo'
'ne'
'Ma'
'in'
'ts'
'tr'
'ea'
'Ad'
'ul'
'CP'
'ac'
'ti'
've'
'Ne'
'wR'
'eq'
'ue'
'st'
'Re'
'TI'
'WI'
'ND'
'Ma'
'in'
'st'
're'
'am'
'Ad'
'ul'
'CP'
'RT'
'Ma'
'in'
'st'
're'
'am'
'CP'
'   RT  Mainstream  CPA  1025   '
'En'
'gl'
'is'
'la'
'nd'
'er'
'Bi'
'na'
'ry'
'CP'
'Mu'
'lt'
'iG'
'EO'
'CP'
'   50k English lander Binary CPA  MultiGEO  CPA   '
'Zo'
'mb'
'ie'
'Co'
'ws'
'Cl'
'ar'
'Ma'
'in'
'st'
're'
'am'
'CP'
'Lo'
'ca'
'lP'
'ro'
'CP'
'De'
'sk'
'to'
'Br'
'uj'
'Te'
'lc'
'el'
'Ma'
'in'
'st'
're'
'am'
'CP'
'Ka'
'ka'
'Gi'
'rl'
'DT'
'AC'
'Ad'
'ul'
'CP'
'No'
'uv'
'ea'
'ux'
'Fi'
'lm'
'sT'
'un'
'is'
'ie'
'ns'
'Oo'
're'
'do'
'Ma'
'in'
'st'
're'
'am'
'CP'
'Ip'
'ho'
'ne'
'pl'
'us'
'No'
'In'
'ce'
'nt'
'Sw'
'ee'
'ps'
'ta'
'ke'
'Sm'
'ar'
'tp'
'ho'
'ne'
'No'
'In'
'ce'
'nt'
'Sw'
'ee'
'ps'
'ta'
'ke'
'Te'
'ch'
'no'
'sh'
'op'
'No'
'In'
'ce'
'nt'
'Sw'
'ee'
'ps'
'ta'
'ke'
'Vo'
'uc'
'he'
'rs'
'No'
'In'
'ce'
'nt'
'Sw'
'ee'
'ps'
'ta'
'ke'
'Er'
'ot'
'ic'
'Ma'
'ng'
'TI'
'Vi'
'vo'
'Ad'
'ul'
'CP'
'Ac'
'ti'
've'
'Am'
'az'
'on'
'No'
'In'
'ce'
'nt'
'Sw'
'ee'
'ps'
'ta'
'ke'
'CP'
'Se'
'lf'
'ie'
'Gi'
'rl'
'Ai'
'Ma'
'in'
'st'
're'
'am'
'CP'
'Ga'
'me'
'Et'
'is'
'al'
'at'
'CP'
'Ma'
'in'
'st'
're'
'am'
'RT'
'CP'
'in'
'ce'
'nt'
'Li'
'tt'
'io'
'Ga'
'sm'
'ob'
'Ic'
'li'
'Vi'
'et'
'te'
'xi'
'Se'
'xy'
'WI'
'ND'
'ul'
'CP'
'Ho'
'll'
'yw'
'oo'
'St'
'ar'
'Ca'
'bl'
'Wi'
're'
'le'
'ss'
'Ma'
'in'
'st'
're'
'am'
'IF'
'RA'
'CP'
'Cl'
'ub'
'Gu'
'at'
'on'
'En'
'te'
'Ma'
'in'
'st'
're'
'am'
'IF'
'RA'
'CP'
'RT'
'CP'
'In'
'ce'
'nt'
'Ap'
'pc'
'af'
'Ga'
'sm'
'ob'
'RT'
'CP'
'In'
'ce'
'nt'
'Ap'
'pc'
'af'
'Ga'
'sm'
'ob'
'   RT  CPI  Incent  1Appcafe  Gasmobi   '
'RT'
'CP'
'Ap'
'pc'
'af'
'Ga'
'sm'
'ob'
'RT'
'CP'
'UL'
'Ap'
'pc'
'af'
'Ga'
'sm'
'ob'
'Ex'
'cl'
'us'
'iv'
'eC'
'li'
'Ai'
'Ad'
'ul'
'CP'
'An'
'ti'
'vi'
'ru'
'Vo'
'da'
'co'
'Ma'
'in'
'st'
're'
'am'
'CP'
'Fo'
'to'
'Co'
'mp'
'at'
'ib'
'il'
'id'
'ad'
'EN'
'TE'
'Ma'
'in'
'st'
're'
'am'
'CP'
'mG'
'ir'
'ls'
'DT'
'AC'
'Ad'
'ul'
'CP'
'XY'
'Mo'
'vi'
'st'
'ar'
'Ad'
'ul'
'CP'
'Ga'
'me'
'sC'
'lu'
'TE'
'EL'
'Ma'
'in'
'st'
're'
'am'
'CP'
'IF'
'RA'
'Pe'
'tr'
'ob'
'ra'
'Ma'
'in'
'st'
're'
'am'
'CP'
'RT'
'La'
'Ad'
'   RT    La    Adu   '
'RT'
'La'
'Ma'
'in'
'   RT    La    Main   '
'Br'
'un'
'et'
'te'
'Bl'
'ue'
'Bi'
'ki'
'ni'
'Ad'
'ul'
'CP'
'IF'
'RA'
'Au'
'st'
'ra'
'li'
'Fi'
'ne'
'st'
'Ho'
'te'
'ls'
'Ma'
'in'
'st'
're'
'am'
'CP'
'Wh'
'at'
'ap'
'Sa'
'fa'
'ri'
'co'
'Ai'
'rt'
'el'
'Go'
'lp'
'iz'
'Te'
'lc'
'el'
'Ma'
'in'
'st'
're'
'am'
'CP'
'Wh'
'at'
'sa'
'pp'
'Te'
'lc'
'el'
'Wi'
'fi'
'Ma'
'in'
'st'
're'
'am'
'CP'
'Ga'
'ng'
'Ba'
'ng'
'Tu'
'be'
'Vo'
'da'
'fo'
'ne'
'Ad'
'ul'
'CP'
'RT'
'AV'
'Ma'
'in'
'   RT    AV    Main   '
'RT'
'We'
'Ad'
'ul'
'   RT    We    Adult   '
'RT'
'St'
'Ad'
'   RT    Sta    Ad   '
'RT'
'St'
'Ma'
'in'
'   RT    Sta    Main   '
'RT'
'We'
'Ma'
'in'
'   RT    We    Main   '
'RT'
'Ad'
'ul'
'   RT    Y   Adult   '
'RT'
'Ma'
'in'
'st'
're'
'am'
'   RT    Y   Mainstream   '
'Wh'
'at'
'sa'
'pp'
'Av'
'ea'
'Vo'
'da'
'fo'
'ne'
'Ma'
'in'
'st'
're'
'am'
'CP'
'iF'
'ra'
'me'
'RT'
'RT'
'RT'
'Ma'
'in'
'De'
'sc'
'ar'
'ga'
'Ce'
'na'
'Cl'
'ar'
'CP'
'   DescargaV  Cenam  Claro  CPA   '
'RT'
'Ad'
'ul'
'WA'
'MI'
'An'
'dr'
'oi'
'No'
'in'
'ce'
'nt'
'An'
'dr'
'oi'
'JP'
'No'
'in'
'ce'
'nt'
'Fi'
've'
'rr'
'Bu'
'si'
'ne'
'ss'
'se'
'rv'
'ic'
'es'
'An'
'dr'
'oi'
'No'
'in'
'ce'
'nt'
'Ma'
'sh'
're'
'Ne'
'iO'
'iP'
'ho'
'ne'
'iP'
'ad'
'No'
'in'
'ce'
'nt'
'Fi'
'nt'
'on'
'ic'
'Fi'
'na'
'nz'
'as'
'Pe'
'rs'
'on'
'al'
'es'
'An'
'dr'
'oi'
'No'
'in'
'ce'
'nt'
'Jo'
'om'
'be'
'st'
'go'
'od'
'fr'
'om'
'Ch'
'in'
'An'
'dr'
'oi'
'No'
'in'
'ce'
'nt'
'No'
'rd'
'VP'
'CP'
'An'
'dr'
'oi'
'In'
'ce'
'nt'
'An'
'dr'
'oi'
'DE'
'No'
'in'
'ce'
'nt'
'Wa'
'He'
'ro'
'es'
'Fu'
'Ac'
'ti'
'on'
'iP'
'ho'
'ne'
'iP'
'ad'
'No'
'in'
'ce'
'nt'
'Un'
'ib'
'et'
'Ca'
'si'
'no'
'No'
'in'
'ce'
'nt'
'So'
'li'
'ta'
'ir'
'iO'
'In'
'ce'
'nt'
'Cl'
'ev'
'er'
'Lo'
'tt'
'iO'
'No'
'in'
'ce'
'nt'
'Wo'
'rd'
'sc'
'ap'
'iO'
'Bi'
'bl'
'Ap'
'Da'
'il'
'Bi'
'bl'
'Ve'
'rs'
'es'
'Bi'
'bl'
'Ca'
'll'
'er'
'An'
'dr'
'oi'
'LO'
'RA'
'Fa'
'sh'
'io'
'Sh'
'op'
'pi'
'ng'
'iO'
'no'
'in'
'ce'
'nt'
'He'
'al'
'On'
'De'
'ma'
'nd'
'Do'
'ct'
'or'
'Vi'
'si'
'ts'
'iO'
'Ci'
'ty'
'ta'
'rg'
'et'
'in'
'iO'
'No'
'in'
'ce'
'nt'
'My'
'Ca'
'fe'
'iO'
'HA'
'RD'
'Wa'
'nt'
'ed'
'ly'
'Pe'
'op'
'le'
'iO'
'Ju'
'st'
'Cl'
'ea'
'iO'
'No'
'in'
'ce'
'nt'
'Th'
'Lu'
'xu'
'ry'
'Cl'
'os'
'et'
'Bu'
'Se'
'll'
'No'
'in'
'ce'
'nt'
'Za'
'la'
'nd'
'Lo'
'un'
'ge'
'Fa'
'sh'
'io'
'Sh'
'op'
'pi'
'ng'
'cl'
'ub'
'iO'
'no'
'in'
'ce'
'nt'
'Ra'
'pp'
'iO'
'CP'
'Wi'
'll'
'ia'
'Hi'
'll'
'No'
'in'
'ce'
'nt'
'Pr'
'iv'
'al'
'ia'
'Ou'
'tl'
'et'
'on'
'li'
'ne'
'de'
'mo'
'da'
'iO'
'Tr'
'av'
'el'
'ok'
'Bo'
'ok'
'Ch'
'ea'
'Fl'
'ig'
'ht'
'Ho'
'te'
'iO'
'no'
'in'
'ce'
'nt'
'Me'
'rc'
'ad'
'oP'
'ag'
'An'
'dr'
'oi'
'Wi'
'll'
'ia'
'Hi'
'll'
'My'
'Mo'
'me'
'nt'
'iP'
'ho'
'ne'
'iP'
'ad'
'CH'
'La'
'za'
'da'
'No'
'in'
'ce'
'nt'
'Jo'
'll'
'yC'
'hi'
'On'
'li'
'ne'
'Ma'
'll'
'fo'
'Ho'
'Fa'
'sh'
'io'
'Sh'
'op'
'pi'
'ng'
'iO'
'no'
'in'
'ce'
'nt'
'Ca'
'na'
'di'
'an'
'Bl'
'oo'
'Se'
'rv'
'ic'
'es'
'An'
'dr'
'oi'
'No'
'in'
'ce'
'nt'
'   Canadian Blood Services Android Non  incent    '
'Wi'
'sh'
'Sh'
'op'
'pi'
'ng'
'Ma'
'de'
'Fu'
'iO'
'SP'
'LZ'
'iP'
'ho'
'ne'
'iP'
'ad'
'Be'
'tf'
'ai'
'Sp'
'or'
'ts'
'Be'
'tt'
'in'
'iO'
'No'
'in'
'ce'
'nt'
'Ya'
'ho'
'Ne'
'ws'
'iO'
'No'
'in'
'ce'
'nt'
'Po'
'co'
'ch'
'Li'
've'
'iO'
'Do'
'mi'
'Na'
'ti'
'on'
'iO'
'HA'
'RD'
'Bu'
'bb'
'le'
'iO'
'Sc'
'ri'
'bd'
'iO'
'CP'
'HA'
'RD'
'An'
'dr'
'oi'
'Am'
'az'
'on'
'Sh'
'op'
'pi'
'ng'
'iP'
'ho'
'ne'
'FA'
'bi'
'ca'
'We'
'st'
'er'
'Un'
'io'
'Mo'
'ne'
'Tr'
'an'
'sf'
'er'
'iO'
'LA'
'LA'
'im'
'pr'
'im'
'vo'
'ti'
'ra'
'ge'
'al'
'bu'
'ph'
'ot'
'ma'
'gn'
'et'
'iO'
'Wi'
'll'
'ia'
'Hi'
'll'
'No'
'in'
'ce'
'nt'
'Ju'
'st'
'Cl'
'ea'
'iP'
'ho'
'ne'
'iP'
'ad'
'Li'
'ef'
'er'
'he'
'ld'
'An'
'dr'
'oi'
'Al'
'mo'
'sa'
'fe'
'CP'
'Th'
'Lu'
'xu'
'ry'
'Cl'
'os'
'et'
'iO'
'Ta'
'ja'
'wa'
'iO'
'iO'
'Ji'
'gs'
'aw'
'Pu'
'zz'
'le'
'iP'
'ad'
'iP'
'ho'
'ne'
'iP'
'od'
'OR'
'No'
'in'
'ce'
'nt'
'La'
'za'
'da'
'An'
'dr'
'oi'
'Fl'
'ap'
'py'
'Du'
'nk'
'iP'
'ho'
'ne'
'iP'
'ad'
'La'
'db'
'ro'
'ke'
'Sp'
'or'
'ts'
'Be'
'tt'
'in'
'iP'
'ho'
'ne'
'iP'
'ad'
'No'
'in'
'ce'
'nt'
'Ca'
'll'
'of'
'Wa'
'iO'
'Ch'
'Sh'
'ou'
'iO'
'iP'
'ho'
'ne'
'iP'
'ad'
'Be'
'tb'
'ul'
'iO'
'HA'
'RD'
'iO'
'GO'
'GO'
'Yo'
'ur'
'De'
'li'
've'
'ry'
'Ap'
'An'
'dr'
'oi'
'Ea'
'rn'
'Au'
'to'
'ma'
'ti'
'Mo'
'ne'
'Ba'
'ck'
'iO'
'Wa'
'nt'
'ed'
'ly'
'Pe'
'op'
'le'
'iO'
'Ya'
'ho'
'No'
'in'
'ce'
'nt'
'Im'
'mo'
'we'
'lt'
'An'
'rd'
'oi'
'no'
're'
'br'
'ok'
'er'
'in'
'iO'
'Re'
'vo'
'lu'
'ti'
'on'
'Ch'
'ea'
'Ca'
'll'
'An'
'dr'
'oi'
'Yo'
'uC'
'am'
'Ma'
'ke'
'up'
'No'
'ni'
'nc'
'en'
'iO'
'Do'
'or'
'Da'
'sh'
'Fo'
'od'
'De'
'li'
've'
'ry'
'iP'
'ho'
'ne'
'iP'
'ad'
'Lo'
'gr'
'es'
'CP'
'su'
'iO'
'Or'
'di'
'na'
'St'
'ra'
'ta'
'iO'
'CP'
'Sl'
'ot'
'pa'
'rk'
'Po'
'ke'
'rS'
'ta'
'rs'
'Po'
'ke'
'en'
'Li'
'gn'
'No'
'in'
'ce'
'nt'
'Ca'
'Me'
'rg'
'er'
'iP'
'ho'
'ne'
'iP'
'ad'
'Bi'
'ng'
'Ba'
'sh'
'Wh'
'ee'
'of'
'Fo'
'rt'
'un'
'Fr'
'ee'
'Bi'
'ng'
'Sl'
'ot'
'iP'
'ho'
'ne'
'Un'
'ib'
'et'
'Sp'
'or'
'ts'
'Be'
'tt'
'in'
'iO'
'CP'
'No'
'in'
'ce'
'nt'
'iO'
'no'
'in'
'ce'
'nt'
'La'
'za'
'da'
'No'
'in'
'ce'
'nt'
'gl'
'ow'
'pi'
'ck'
'iO'
'ne'
'Or'
'di'
'na'
'St'
'ra'
'ta'
'An'
'dr'
'oi'
'CP'
'Di'
're'
'ct'
'La'
'za'
'da'
'iO'
'iO'
'Bi'
'Fi'
'sh'
'Ca'
'si'
'no'
'No'
'in'
'ce'
'nt'
'Wi'
'sh'
'Sh'
'op'
'pi'
'ng'
'Ma'
'de'
'Fu'
'iO'
'Ca'
'll'
'of'
'Wa'
'iO'
'Kw'
'ai'
'FA'
're'
'qu'
'ir'
'ed'
'Al'
'ba'
'he'
'av'
'en'
'iO'
'Sl'
'ic'
'kd'
'ea'
'ls'
'Sh'
'op'
'pi'
'ng'
'fo'
'De'
'al'
'Co'
'up'
'on'
'Di'
'sc'
'ou'
'nt'
'iP'
'ho'
'ne'
'iP'
'ad'
'su'
'Be'
'tF'
'ai'
'Sp'
'or'
'Be'
'tt'
'in'
'iO'
'Wi'
'll'
'ia'
'Hi'
'll'
'Ca'
'si'
'no'
'Pl'
'ay'
'Re'
'al'
'Mo'
'ne'
'Sl'
'ot'
'Ma'
'ch'
'in'
'es'
'Ro'
'ul'
'et'
'te'
'Bl'
'ac'
'kj'
'ac'
'Ca'
'rd'
'Ga'
'me'
'iO'
'Re'
'vo'
'lu'
'ti'
'on'
'Ch'
'ea'
'In'
'te'
'rn'
'at'
'io'
'na'
'Ca'
'll'
'in'
'iP'
'ho'
'ne'
'iP'
'ad'
'iP'
'od'
'Un'
'ib'
'et'
'Ca'
'si'
'no'
'No'
'in'
'ce'
'nt'
'Li'
'tt'
'le'
'Kn'
'ig'
'ht'
'An'
'dr'
'oi'
'Be'
'tS'
'ta'
'rs'
'Sp'
'or'
'tw'
'et'
'te'
'Fu'
'ss'
'ba'
'll'
'No'
'in'
'ce'
'nt'
'Go'
'Eu'
'ro'
'iO'
'No'
'in'
'ce'
'nt'
'CP'
'Ta'
'Ta'
'Fi'
'sh'
'VR'
'Ga'
'me'
'iO'
'no'
'in'
'ce'
'nt'
'Ti'
'pi'
'co'
'iO'
'CP'
'no'
're'
'br'
'ok'
'er'
'in'
'Go'
'Eu'
'ro'
'tr'
'ai'
'bu'
'fl'
'ig'
'ht'
'iO'
'Ca'
'li'
'en'
'te'
'Sp'
'or'
'ts'
'Be'
'tt'
'in'
'iO'
'CP'
'Do'
'mi'
'Na'
'ti'
'on'
'No'
'in'
'ce'
'nt'
'Pa'
'nt'
'ay'
'iO'
'St'
'ar'
'SP'
'iO'
'Du'
'ne'
'iP'
'ho'
'ne'
'iP'
'ad'
'St'
'ar'
'Jo'
'Hu'
'nt'
'in'
'SP'
'St'
'ar'
'an'
'dr'
'oi'
'Po'
'ke'
'Te'
'xa'
'Ho'
'ld'
'em'
'No'
'in'
'ce'
'nt'
'In'
'te'
'rm'
'ar'
'ch'
'iO'
'Wi'
'll'
'ia'
'Hi'
'll'
'Li'
've'
'Sp'
'or'
'tw'
'et'
'te'
'Fu'
'ba'
'll'
'Te'
'nn'
'is'
'iO'
'Ni'
'sn'
'as'
'On'
'li'
'ne'
'Sh'
'op'
'pi'
'ng'
'iP'
'ho'
'ne'
'iP'
'ad'
'No'
'in'
'ce'
'nt'
'eT'
'or'
'So'
'ci'
'al'
'Tr'
'ad'
'in'
'iO'
'WW'
'No'
'In'
'ce'
'nt'
'iO'
'Wo'
'rl'
'dW'
'id'
'   eToro    Social Trading iOS WW    Non  Incent    iOS9+    WorldWide   '
'RP'
'An'
'dr'
'oi'
'   연인모바일    RPG에 인연이 깃들다 [Android 5+]   '
'te'
'st'
'   test   '
'Te'
'st'
'   Test   '
'eT'
'or'
'So'
'ci'
'al'
'Tr'
'ad'
'in'
'iO'
'WW'
'No'
'In'
'ce'
'nt'
'iO'
'Wo'
'rl'
'dW'
'id'
'   eToro    Social Trading iOS WW    Non  Incent    iOS9+    WorldWide   '
'RP'
'An'
'dr'
'oi'
'   연인모바일    RPG에 인연이 깃들다 [Android 5+]   '
'te'
'st'
'   test   '
'Te'
'st'
'   Test   '
'Go'
'Eu'
'ro'
'iO'
'CP'
'St'
'ar'
'Wa'
'rs'
'iO'
'CP'
'Ch'
'er'
'ry'
'Ch'
'at'
'Ge'
'rm'
'an'
'Mo'
'ti'
'Ge'
'rm'
'an'
'Vo'
'da'
'fo'
'ne'
'pl'
'us'
'Te'
'le'
'ko'
'Mo'
'bi'
'lc'
'om'
'mu'
'lt'
'im'
'ed'
'ia'
'De'
'bi'
'te'
'Ad'
'ul'
'CP'
'   CherryChat Germany Motiv 4    Germany    Vodafone | E  plus | Telekom | O2 | Mobilcom multimedia | Debitel    Adult    CPA   '
'Ga'
'me'
'sP'
'or'
'ta'
'So'
'ut'
'af'
'ri'
'ca'
'Mt'
'Ma'
'in'
'St'
're'
'am'
'CP'
'   GamesPortal    South africa    Mtn    MainStream    CPA   '
'Cr'
'yo'
'ge'
'ni'
'Fa'
'ce'
'Ma'
'sk'
'ON'
'FA'
'CE'
'OK'
'AN'
'RA'
'Gl'
'ob'
'al'
'Ma'
'in'
'St'
're'
'am'
'CP'
'Se'
'xy'
'Ha'
'ir'
'Th'
'ai'
'la'
'nd'
'Ai'
'Ai'
'gs'
'Ad'
'ul'
'CP'
'   Sexy Hair    Thailand    Ais | Ais gsm 1800    Adult    CPA   '
'An'
'dr'
'oi'
'No'
'in'
'ce'
'nt'
'Op'
'ti'
'on'
'An'
'dr'
'oi'
'No'
'in'
'ce'
'nt'
'Op'
'ti'
'on'
'An'
'dr'
'oi'
'No'
'in'
'ce'
'nt'
'Le'
'Fi'
'ga'
'ro'
'iP'
'ho'
'ne'
'No'
'in'
'ce'
'nt'
'Bl'
'ac'
'Fr'
'id'
'ay'
'na'
'Za'
'tt'
'in'
'An'
'dr'
'oi'
'No'
'in'
'ce'
'nt'
'Op'
'ti'
'on'
'An'
'dr'
'oi'
'No'
'in'
'ce'
'nt'
'In'
'st'
'aF'
'it'
'Ho'
'me'
'Wo'
'rk'
'ou'
'ts'
'iP'
'ho'
'ne'
'iP'
'ad'
'No'
'in'
'ce'
'nt'
'Go'
've'
'rn'
'or'
'of'
'Po'
'ke'
'An'
'dr'
'oi'
'No'
'in'
'ce'
'nt'
'So'
'uq'
'An'
'dr'
'oi'
'an'
'dr'
'oi'
'Af'
'fi'
'li'
'at'
'Ne'
'tw'
'or'
'ks'
'al'
'lo'
'we'
'Ne'
'tw'
'or'
'ks'
'al'
'lo'
'we'
'No'
'nI'
'nc'
'en'
'An'
'dr'
'oi'
'No'
'in'
'ce'
'nt'
'Fi'
've'
'rr'
'An'
'dr'
'oi'
'No'
'in'
'ce'
'nt'
'Au'
'to'
'Do'
'au'
'to'
'pa'
'rt'
'in'
'Cl'
'ic'
'iO'
'Mu'
'lt'
'ip'
'le'
'Co'
'un'
'tr'
'ie'
'iP'
'ho'
'ne'
'iP'
'ad'
'No'
'in'
'ce'
'nt'
'AJ'
'On'
'li'
'ne'
'Sh'
'op'
'pi'
'ng'
'Ap'
'iP'
'ho'
'ne'
'iP'
'ad'
'No'
'in'
'ce'
'nt'
'We'
'st'
'er'
'Un'
'io'
'In'
'te'
'rn'
'at'
'io'
'na'
'Mo'
'ne'
'Tr'
'an'
'sf'
'er'
'iP'
'ho'
'ne'
'iP'
'ad'
'No'
'in'
'ce'
'nt'
'ha'
'yu'
'An'
'dr'
'oi'
'No'
'in'
'ce'
'nt'
'An'
'dr'
'oi'
'No'
'in'
'ce'
'nt'
'Op'
'ti'
'on'
'An'
'dr'
'oi'
'No'
'in'
'ce'
'nt'
'Fi'
've'
'rr'
'An'
'dr'
'oi'
'No'
'in'
'ce'
'nt'
'Op'
'ti'
'on'
'An'
'dr'
'oi'
'No'
'in'
'ce'
'nt'
'Op'
'ti'
'on'
'An'
'dr'
'oi'
'No'
'in'
'ce'
'nt'
'In'
'st'
'aF'
'it'
'Ho'
'me'
'Wo'
'rk'
'ou'
'ts'
'iP'
'ho'
'ne'
'iP'
'ad'
'No'
'in'
'ce'
'nt'
'Dr'
'op'
'Pa'
'Pa'
'ga'
'da'
'mo'
'bi'
'le'
'An'
'dr'
'oi'
'No'
'in'
'ce'
'nt'
'Ch'
'ea'
'pO'
'ai'
'Fl'
'ig'
'ht'
'Ho'
'te'
'Ca'
'An'
'dr'
'oi'
'No'
'in'
'ce'
'nt'
'Ba'
'na'
'na'
'Ba'
'se'
'be'
'le'
'So'
'ut'
'af'
'ri'
'ca'
'Mt'
'Ma'
'in'
'St'
're'
'am'
'CP'
'   Banana Ba sebele    South africa    Mtn    MainStream    CPA   '
'iF'
'oo'
'iO'
'CP'
'Am'
'Di'
'ab'
'Eg'
'yp'
'Or'
'an'
'ge'
'Vo'
'da'
'fo'
'ne'
'Ma'
'in'
'St'
're'
'am'
'CP'
'   Amr Diab    Egypt    Orange | Vodafone    MainStream    CPA   '
'Lo'
've'
'me'
'Br'
'az'
'il'
'Ti'
'Ma'
'in'
'St'
're'
'am'
'CP'
'Ac'
'ti'
've'
'   Loveme    Brazil    Tim    MainStream    CPA    Active   '
'Ir'
'aq'
'Co'
'ok'
'in'
'wi'
'th'
'us'
'As'
'ia'
'ce'
'll'
'Ko'
're'
'Ma'
'in'
'St'
're'
'am'
'CP'
'   Iraq    Cooking with us    Asia cell | Korek    MainStream    CPA      '
'Do'
'wn'
'lo'
'ad'
'sh'
'ar'
'ed'
'Ba'
'kc'
'el'
'Az'
'er'
'ce'
'll'
'Na'
'mo'
'bi'
'le'
'Ma'
'in'
'St'
're'
'am'
'CP'
'Fr'
'an'
'ce'
'Li'
'dl'
'Ce'
'le'
'br'
'at'
'io'
'Ma'
'in'
'St'
're'
'am'
'CP'
'   France    Lidl Celebration    MainStream    CPL   '
'Su'
'pe'
'Ma'
'ri'
'Za'
'in'
'jo'
'Um'
'ni'
'ah'
'Or'
'an'
'ge'
'Ma'
'in'
'St'
're'
'am'
'CP'
'Se'
'xy'
'Ge'
'rm'
'an'
'Vo'
'da'
'fo'
'ne'
'Ad'
'ul'
'CP'
'   Sexy   Germany    Vodafone    Adult    CPA   '
'iP'
'ho'
'ne'
'No'
'in'
'ce'
'nt'
'Op'
'ti'
'on'
'An'
'dr'
'oi'
'No'
'in'
'ce'
'nt'
'Ap'
'pL'
'ik'
'Ap'
'ps'
'Re'
'wa'
'rd'
'An'
'dr'
'oi'
'No'
'in'
'ce'
'nt'
'Ap'
'pL'
'ik'
'Ap'
'ps'
'Co'
'up'
'on'
'An'
'dr'
'oi'
'No'
'in'
'ce'
'nt'
'Ya'
'nd'
'ex'
'Se'
'ar'
'ch'
'iP'
'ho'
'ne'
'iP'
'ad'
'No'
'in'
'ce'
'nt'
'Au'
'to'
'Do'
'au'
'to'
'pa'
'rt'
'in'
'Cl'
'ic'
'iO'
'Mu'
'lt'
'ip'
'le'
'Co'
'un'
'tr'
'ie'
'iP'
'ho'
'ne'
'iP'
'ad'
'No'
'in'
'ce'
'nt'
'Jo'
'om'
'be'
'st'
'go'
'od'
'fr'
'om'
'Ch'
'in'
'An'
'dr'
'oi'
'No'
'in'
'ce'
'nt'
'Kl'
'oo'
'Ac'
'ti'
'vi'
'ti'
'es'
'At'
'tr'
'ac'
'ti'
'on'
'An'
'dr'
'oi'
'No'
'in'
'ce'
'nt'
'In'
'st'
'aF'
'it'
'Ho'
'me'
'Wo'
'rk'
'ou'
'ts'
'An'
'dr'
'oi'
'No'
'in'
'ce'
'nt'
'Op'
'ti'
'on'
'An'
'dr'
'oi'
'No'
'in'
'ce'
'nt'
'Op'
'ti'
'on'
'An'
'dr'
'oi'
'No'
'in'
'ce'
'nt'
'Ap'
'pL'
'ik'
'Ap'
'ps'
'Co'
'up'
'on'
'An'
'dr'
'oi'
'No'
'in'
'ce'
'nt'
'Op'
'ti'
'on'
'An'
'dr'
'oi'
'No'
'in'
'ce'
'nt'
'Op'
'ti'
'on'
'An'
'dr'
'oi'
'No'
'in'
'ce'
'nt'
'Op'
'ti'
'on'
'An'
'dr'
'oi'
'No'
'in'
'ce'
'nt'
'Ca'
'na'
'di'
'an'
'Bl'
'oo'
'Se'
'rv'
'ic'
'es'
'An'
'dr'
'oi'
'No'
'in'
'ce'
'nt'
'   Canadian Blood Services Android Non  incent    '
'GO'
'GO'
'Yo'
'ur'
'De'
'li'
've'
'ry'
'Ap'
'An'
'dr'
'oi'
'iO'
'Po'
'ke'
'rS'
'ta'
'rs'
'Po'
'ke'
'en'
'Li'
'gn'
'No'
'in'
'ce'
'nt'
'Do'
'mi'
'Na'
'ti'
'on'
'iO'
'HA'
'RD'
'La'
'za'
'da'
'An'
'dr'
'oi'
'Pr'
'iv'
'al'
'ia'
'Ou'
'tl'
'et'
'on'
'li'
'ne'
'de'
'mo'
'da'
'iO'
'Po'
'ke'
'Te'
'xa'
'Ho'
'ld'
'em'
'No'
'in'
'ce'
'nt'
'OW'
'Gl'
'or'
'iO'
'No'
'In'
'ce'
'nt'
'iO'
'Ji'
'gs'
'aw'
'Pu'
'zz'
'le'
'iP'
'ad'
'iP'
'ho'
'ne'
'iP'
'od'
'Un'
'ib'
'et'
'Ca'
'si'
'no'
'No'
'in'
'ce'
'nt'
'Li'
'tt'
'le'
'Kn'
'ig'
'ht'
'An'
'dr'
'oi'
'Un'
'ib'
'et'
'Sp'
'or'
'ts'
'Be'
'tt'
'in'
'iO'
'CP'
'No'
'in'
'ce'
'nt'
'My'
'Mo'
'me'
'nt'
'iP'
'ho'
'ne'
'iP'
'ad'
'CH'
'Do'
'mi'
'Na'
'ti'
'on'
'No'
'in'
'ce'
'nt'
'ei'
'gh'
'ki'
'ng'
'do'
'ms'
'iO'
'Ti'
'pi'
'co'
'iO'
'CP'
'no'
're'
'br'
'ok'
'er'
'in'
'Un'
'ib'
'et'
'Sp'
'or'
'ts'
'be'
'tt'
'in'
'iO'
'no'
're'
'br'
'ok'
'er'
'in'
'Ea'
'rn'
'Au'
'to'
'ma'
'ti'
'Mo'
'ne'
'Ba'
'ck'
'iO'
'Be'
'tf'
'ai'
'Sp'
'or'
'ts'
'Be'
'tt'
'in'
'iO'
'No'
'in'
'ce'
'nt'
'Al'
'mo'
'sa'
'fe'
'CP'
'An'
'dr'
'oi'
'Wi'
'll'
'ia'
'Hi'
'll'
'No'
'in'
'ce'
'nt'
'Ta'
'ja'
'wa'
'iO'
'Wi'
'sh'
'Sh'
'op'
'pi'
'ng'
'Ma'
'de'
'Fu'
'iO'
'So'
'li'
'ta'
'ir'
'iO'
'In'
'ce'
'nt'
'iO'
'Za'
'la'
'nd'
'Lo'
'un'
'ge'
'Fa'
'sh'
'io'
'Sh'
'op'
'pi'
'ng'
'cl'
'ub'
'iO'
'no'
'in'
'ce'
'nt'
'Do'
'or'
'Da'
'sh'
'Fo'
'od'
'De'
'li'
've'
'ry'
'iP'
'ho'
'ne'
'iP'
'ad'
'Al'
'ba'
'he'
'av'
'en'
'iO'
'Di'
're'
'ct'
'La'
'za'
'da'
'OR'
'No'
'in'
'ce'
'nt'
'mi'
'ni'
'mo'
'iO'
'Wo'
'rd'
'sc'
'ap'
'iO'
'La'
'db'
'ro'
'ke'
'Sp'
'or'
'ts'
'Be'
'tt'
'in'
'iP'
'ho'
'ne'
'iP'
'ad'
'No'
'in'
'ce'
'nt'
'Ca'
'Me'
'rg'
'er'
'iP'
'ho'
'ne'
'iP'
'ad'
'Kw'
'ai'
'FA'
're'
'qu'
'ir'
'ed'
'Th'
'Lu'
'xu'
'ry'
'Cl'
'os'
'et'
'Bu'
'Se'
'll'
'No'
'in'
'ce'
'nt'
'Re'
'vo'
'lu'
'ti'
'on'
'Ch'
'ea'
'Ca'
'll'
'An'
'dr'
'oi'
'Kw'
'ai'
'ID'
'FA'
're'
'qu'
'ir'
'ed'
'iO'
'Ch'
'Sh'
'ou'
'iO'
'iP'
'ho'
'ne'
'iP'
'ad'
'Sl'
'ot'
'pa'
'rk'
'Al'
'mo'
'sa'
'fe'
'iO'
'Im'
'mo'
'we'
'lt'
'An'
'rd'
'oi'
'no'
're'
'br'
'ok'
'er'
'in'
'OR'
'iO'
'Wi'
'll'
'ia'
'Hi'
'll'
'No'
'in'
'ce'
'nt'
'La'
'za'
'da'
'No'
'in'
'ce'
'nt'
'My'
'Ca'
'fe'
'Re'
'ci'
'pe'
'St'
'or'
'ie'
'iP'
'ho'
'ne'
'iP'
'ad'
'iP'
'od'
'Pa'
'nt'
'ay'
'iO'
'Ta'
'Ta'
'Fi'
'sh'
'VR'
'Ga'
'me'
'iO'
'no'
'in'
'ce'
'nt'
'St'
'ar'
'Jo'
'Hu'
'nt'
'in'
'SP'
'St'
'ar'
'an'
'dr'
'oi'
'Ca'
'll'
'of'
'Wa'
'iO'
'Bi'
'ng'
'Ba'
'sh'
'An'
'dr'
'oi'
'Cl'
'ev'
'er'
'Lo'
'tt'
'iO'
'No'
'in'
'ce'
'nt'
'Bi'
'bl'
'Ap'
'Da'
'il'
'Bi'
'bl'
'Ve'
'rs'
'es'
'Bi'
'bl'
'Ca'
'll'
'er'
'An'
'dr'
'oi'
'ND'
'WA'
'iO'
'Co'
'lo'
'rB'
'oo'
'kf'
're'
'iO'
'In'
'te'
'rm'
'ar'
'ch'
'iO'
'Go'
'Eu'
'ro'
'tr'
'ai'
'bu'
'fl'
'ig'
'ht'
'iO'
'iO'
'No'
'in'
'ce'
'nt'
'Or'
'di'
'na'
'St'
'ra'
'ta'
'iO'
'CP'
'St'
'ar'
'SP'
'iO'
'Tr'
'av'
'el'
'ok'
'Bo'
'ok'
'Ch'
'ea'
'Fl'
'ig'
'ht'
'Ho'
'te'
'iO'
'no'
'in'
'ce'
'nt'
'Du'
'ne'
'iP'
'ho'
'ne'
'iP'
'ad'
'Ju'
'st'
'Cl'
'ea'
'iP'
'ho'
'ne'
'iP'
'ad'
'LO'
'RA'
'Fa'
'sh'
'io'
'Sh'
'op'
'pi'
'ng'
'iO'
'no'
'in'
'ce'
'nt'
'Wi'
'sh'
'Sh'
'op'
'pi'
'ng'
'Ma'
'de'
'Fu'
'iO'
'Jo'
'll'
'yC'
'hi'
'On'
'li'
'ne'
'Ma'
'll'
'fo'
'Ho'
'Fa'
'sh'
'io'
'Sh'
'op'
'pi'
'ng'
'iO'
'no'
'in'
'ce'
'nt'
'ki'
'ng'
'do'
'ms'
'fo'
'ka'
'ka'
'iO'
'wh'
'it'
'el'
'is'
'te'
'Th'
'Lu'
'xu'
'ry'
'Cl'
'os'
'et'
'iO'
'Lo'
'gr'
'es'
'CP'
'su'
'Bu'
'bb'
'le'
'iO'
'Li'
'ne'
'ag'
'eM'
'An'
'dr'
'oi'
'Fl'
'ap'
'py'
'Du'
'nk'
'iP'
'ho'
'ne'
'iP'
'ad'
'Al'
'mo'
'sa'
'fe'
'CP'
'Wi'
'll'
'ia'
'Hi'
'll'
'Ca'
'si'
'no'
'Pl'
'ay'
'Re'
'al'
'Mo'
'ne'
'Sl'
'ot'
'Ma'
'ch'
'in'
'es'
'Ro'
'ul'
'et'
'te'
'Bl'
'ac'
'kj'
'ac'
'Ca'
'rd'
'Ga'
'me'
'iO'
'Be'
'tS'
'ta'
'rs'
'Sp'
'or'
'tw'
'et'
'te'
'Fu'
'ss'
'ba'
'll'
'No'
'in'
'ce'
'nt'
'Me'
'rc'
'ad'
'oP'
'ag'
'An'
'dr'
'oi'
'Am'
'az'
'on'
'Sh'
'op'
'pi'
'ng'
'iP'
'ho'
'ne'
'FA'
'bi'
'ca'
'Un'
'ib'
'et'
'Ca'
'si'
'no'
'No'
'in'
'ce'
'nt'
'Ca'
'na'
'di'
'an'
'Bl'
'oo'
'Se'
'rv'
'ic'
'es'
'iO'
'Li'
'ef'
'er'
'he'
'ld'
'An'
'dr'
'oi'
'LA'
'LA'
'im'
'pr'
'im'
'vo'
'ti'
'ra'
'ge'
'al'
'bu'
'ph'
'ot'
'ma'
'gn'
'et'
'iO'
'An'
'dr'
'oi'
'Bi'
'ng'
'Ba'
'sh'
'Wh'
'ee'
'of'
'Fo'
'rt'
'un'
'Fr'
'ee'
'Bi'
'ng'
'Sl'
'ot'
'iP'
'ho'
'ne'
'iO'
'no'
'in'
'ce'
'nt'
'Be'
'tb'
'ul'
'An'
'dr'
'oi'
'HA'
'RD'
'Bi'
'Fi'
'sh'
'Ca'
'si'
'no'
'No'
'in'
'ce'
'nt'
'Wi'
'll'
'ia'
'Hi'
'll'
'Li'
've'
'Sp'
'or'
'tw'
'et'
'te'
'Fu'
'ba'
'll'
'Te'
'nn'
'is'
'iO'
'He'
'al'
'On'
'De'
'ma'
'nd'
'Do'
'ct'
'or'
'Vi'
'si'
'ts'
'iO'
'Ci'
'ty'
'ta'
'rg'
'et'
'in'
'Go'
'Eu'
'ro'
'iO'
'No'
'in'
'ce'
'nt'
'CP'
'Yo'
'uC'
'am'
'Ma'
'ke'
'up'
'No'
'ni'
'nc'
'en'
'iO'
'Po'
'co'
'ch'
'Li'
've'
'iO'
'Ca'
'll'
'of'
'Wa'
'iO'
'An'
'dr'
'oi'
'su'
'SP'
'LZ'
'iP'
'ho'
'ne'
'iP'
'ad'
'Ga'
'me'
'Cl'
'ub'
'Di'
'gi'
'ce'
'll'
'Ht'
'Di'
'gi'
'ce'
'Ma'
'in'
'St'
're'
'am'
'CP'
'   Games Club  Digicell  Ht     Digicel    MainStream    CPA   '
'It'
'al'
'Co'
'na'
'Ma'
'in'
'St'
're'
'am'
'CP'
'Ac'
'ti'
've'
'   Italy    Conad    MainStream    CPA    Active   '
'It'
'al'
'Eu'
'ro'
'sp'
'in'
'Ma'
'in'
'St'
're'
'am'
'CP'
'Ac'
'ti'
've'
'   Italy    Eurospin    MainStream    CPA    Active   '
'So'
'ut'
'af'
'ri'
'ca'
'Ma'
'in'
'st'
're'
'am'
'Mt'
'Ma'
'in'
'St'
're'
'am'
'Tu'
'ni'
'si'
'Ba'
'sh'
'te'
'ry'
'Fi'
'gh'
'te'
'rs'
'Oo'
're'
'do'
'tn'
'Ma'
'in'
'St'
're'
'am'
'CP'
'   Tunisia    Bashtery Fighters    Ooredoo tn    MainStream    CPA   '
'Mi'
'ni'
'on'
'St'
'ar'
'Wa'
'rs'
'TI'
'Vi'
'vo'
'Ma'
'in'
'st'
're'
'am'
'CP'
'Ad'
'ul'
'Ca'
'rn'
'iv'
'al'
'TI'
'Vi'
'vo'
'Ad'
'ul'
'CP'
'Pl'
'ay'
'ho'
'us'
'XX'
'Mo'
'vi'
'st'
'ar'
'Ad'
'ul'
'CP'
'Wh'
'at'
'sa'
'pp'
'Wa'
'll'
'pa'
'pe'
'rs'
'Up'
'da'
'te'
'Sa'
'fa'
'ri'
'co'
'Ma'
'in'
'St'
're'
'am'
'CP'
'Ac'
'ti'
've'
'   Whatsapp Wallpapers & Update    Safaricom    MainStream    CPA    Active   '
'To'
'ol'
'ov'
'Da'
'ti'
'ng'
'Pe'
'rs'
'on'
'al'
'Ma'
'in'
'st'
're'
'am'
'CP'
'iF'
'oo'
'iO'
'CP'
'Co'
'ok'
'in'
'Fe'
've'
'   Cooking Fever   '
'   放置少女   '
'Do'
'mi'
'ci'
'li'
'os'
'co'
'Or'
'de'
'fo'
'od'
'   Domicilios.com    Order food   '
'Da'
'wn'
'of'
'Ti'
'ta'
'ns'
'   Dawn of Titans   '
'DC'
'iP'
'ad'
'iP'
'ho'
'ne'
'   DC 언체인드 [iPad  iPhone] []   '
'DC'
'un'
'ch'
'ai'
'ne'
'An'
'dr'
'oi'
'CP'
'An'
'dr'
'oi'
'AP'
'te'
'st'
'   [API]test   '
'Na'
'ms'
'hi'
'No'
'in'
'ce'
'nt'
'AP'
'te'
'st'
'   [API]test1   '
'Ea'
'sy'
'Je'
'Tr'
'av'
'el'
'Vo'
'uc'
'he'
'Wi'
'fi'
'Ma'
'in'
'st'
're'
'am'
'Ad'
'ul'
'CP'
'TA'
'Es'
'pa'
'ol'
'Ip'
'ho'
'ne'
'Wi'
'fi'
'Sw'
'ee'
'ps'
'ta'
'ke'
'CP'
'Me'
'di'
'Ma'
'rk'
'Ma'
'No'
'In'
'ce'
'nt'
'Sw'
'ee'
'ps'
'ta'
'ke'
'Me'
'di'
'Ma'
'rk'
'Ma'
'In'
'ce'
'nt'
'Sw'
'ee'
'ps'
'ta'
'ke'
'Me'
'di'
'Ma'
'rk'
'Ma'
'No'
'In'
'ce'
'nt'
'Sw'
'ee'
'ps'
'ta'
'ke'
'RT'
'WW'
'No'
'In'
'ce'
'nt'
'CP'
'   RT  WW  Non  Incent  CPI  210   '
'Ho'
'ro'
'Li'
've'
'Tr'
'ue'
'Ma'
'in'
'st'
're'
'am'
'CP'
'Su'
'DT'
'AC'
'Ma'
'in'
'st'
're'
'am'
'CP'
'Ja'
'yo'
'ox'
'Or'
'an'
'ge'
'Vo'
'da'
'fo'
'ne'
'Ma'
'in'
'st'
're'
'am'
'CP'
'Ma'
'ga'
'zi'
'ne'
'Ma'
'in'
'st'
're'
'am'
'CP'
'Ka'
'ra'
'mb'
'Fr'
'ee'
'Sp'
'in'
'CP'
'Ca'
'si'
'no'
'CP'
'ME'
'Vo'
'da'
'fo'
'ne'
'Ma'
'in'
'st'
're'
'am'
'CP'
'al'
're'
'ad'
'IF'
'RA'
'ME'
'Ba'
'sk'
'et'
'ba'
'll'
'Mi'
'cm'
'us'
'ik'
'WI'
'Su'
'bm'
'it'
'CP'
'Vi'
'be'
'Ba'
'ng'
'al'
'in'
'Ma'
'in'
'st'
're'
'am'
'CP'
'Wh'
'at'
'sb'
'lu'
'Vo'
'da'
'co'
'Ce'
'll'
'Ma'
'in'
'st'
're'
'am'
'CP'
'Do'
'wn'
'lo'
'ad'
'Vo'
'da'
'fo'
'ne'
'Ma'
'in'
'ts'
'tr'
'ea'
'Ad'
'ul'
'CP'
'ac'
'ti'
've'
'Ne'
'wR'
'eq'
'ue'
'st'
'Re'
'TI'
'WI'
'ND'
'Ma'
'in'
'st'
're'
'am'
'Ad'
'ul'
'CP'
'RT'
'Ma'
'in'
'st'
're'
'am'
'CP'
'   RT  Mainstream  CPA  1025   '
'En'
'gl'
'is'
'la'
'nd'
'er'
'Bi'
'na'
'ry'
'CP'
'Mu'
'lt'
'iG'
'EO'
'CP'
'   50k English lander Binary CPA  MultiGEO  CPA   '
'Zo'
'mb'
'ie'
'Co'
'ws'
'Cl'
'ar'
'Ma'
'in'
'st'
're'
'am'
'CP'
'Lo'
'ca'
'lP'
'ro'
'CP'
'De'
'sk'
'to'
'Br'
'uj'
'Te'
'lc'
'el'
'Ma'
'in'
'st'
're'
'am'
'CP'
'Ka'
'ka'
'Gi'
'rl'
'DT'
'AC'
'Ad'
'ul'
'CP'
'No'
'uv'
'ea'
'ux'
'Fi'
'lm'
'sT'
'un'
'is'
'ie'
'ns'
'Oo'
're'
'do'
'Ma'
'in'
'st'
're'
'am'
'CP'
'Ip'
'ho'
'ne'
'pl'
'us'
'No'
'In'
'ce'
'nt'
'Sw'
'ee'
'ps'
'ta'
'ke'
'Sm'
'ar'
'tp'
'ho'
'ne'
'No'
'In'
'ce'
'nt'
'Sw'
'ee'
'ps'
'ta'
'ke'
'Te'
'ch'
'no'
'sh'
'op'
'No'
'In'
'ce'
'nt'
'Sw'
'ee'
'ps'
'ta'
'ke'
'Vo'
'uc'
'he'
'rs'
'No'
'In'
'ce'
'nt'
'Sw'
'ee'
'ps'
'ta'
'ke'
'Er'
'ot'
'ic'
'Ma'
'ng'
'TI'
'Vi'
'vo'
'Ad'
'ul'
'CP'
'Ac'
'ti'
've'
'Am'
'az'
'on'
'No'
'In'
'ce'
'nt'
'Sw'
'ee'
'ps'
'ta'
'ke'
'CP'
'Se'
'lf'
'ie'
'Gi'
'rl'
'Ai'
'Ma'
'in'
'st'
're'
'am'
'CP'
'Ga'
'me'
'Et'
'is'
'al'
'at'
'CP'
'Ma'
'in'
'st'
're'
'am'
'RT'
'CP'
'in'
'ce'
'nt'
'Li'
'tt'
'io'
'Ga'
'sm'
'ob'
'Ic'
'li'
'Vi'
'et'
'te'
'xi'
'Se'
'xy'
'WI'
'ND'
'ul'
'CP'
'Ho'
'll'
'yw'
'oo'
'St'
'ar'
'Ca'
'bl'
'Wi'
're'
'le'
'ss'
'Ma'
'in'
'st'
're'
'am'
'IF'
'RA'
'CP'
'Cl'
'ub'
'Gu'
'at'
'on'
'En'
'te'
'Ma'
'in'
'st'
're'
'am'
'IF'
'RA'
'CP'
'RT'
'CP'
'In'
'ce'
'nt'
'Ap'
'pc'
'af'
'Ga'
'sm'
'ob'
'RT'
'CP'
'In'
'ce'
'nt'
'Ap'
'pc'
'af'
'Ga'
'sm'
'ob'
'   RT  CPI  Incent  1Appcafe  Gasmobi   '
'RT'
'CP'
'Ap'
'pc'
'af'
'Ga'
'sm'
'ob'
'RT'
'CP'
'UL'
'Ap'
'pc'
'af'
'Ga'
'sm'
'ob'
'Ex'
'cl'
'us'
'iv'
'eC'
'li'
'Ai'
'Ad'
'ul'
'CP'
'An'
'ti'
'vi'
'ru'
'Vo'
'da'
'co'
'Ma'
'in'
'st'
're'
'am'
'CP'
'OT'
'Me'
'ga'
'fo'
'Ad'
'ul'
'CP'
'Pu'
'ss'
'yN'
'ig'
'ht'
'Be'
'el'
'in'
'Ad'
'ul'
'CP'
'Ma'
'uj'
'Gi'
'rl'
'UE'
'Ad'
'ul'
'CP'
'Ho'
'tV'
'id'
'eo'
'Be'
'el'
'in'
'Me'
'ga'
'fo'
'Mt'
'Te'
'le'
'Ad'
'ul'
'CP'
'Cu'
'te'
'Ja'
'pa'
'ne'
'se'
'Dt'
'ac'
'Ad'
'ul'
'CP'
'AV'
'Te'
'lc'
'el'
'Ma'
'in'
'st'
're'
'am'
'CP'
'Ne'
'Ad'
'ul'
'CP'
'IF'
'RA'
'ME'
'Pe'
'rG'
'ua'
'rd'
'ar'
'Ad'
'ul'
'CP'
'Ac'
'ti'
've'
'Pa'
'ra'
'Ve'
'rV'
'id'
'eo'
'sC'
'al'
'ie'
'nt'
'es'
'Te'
'lc'
'el'
'Ad'
'ul'
'CP'
'Ac'
'ti'
've'
'Su'
'pe'
'rH'
'ot'
'Vi'
'de'
'os'
'CL'
'Ad'
'ul'
'CP'
'IF'
'RA'
'Bl'
'on'
'dT'
'it'
'Ad'
'ul'
'CP'
'IF'
'RA'
'Fo'
'to'
'Co'
'mp'
'at'
'ib'
'il'
'id'
'ad'
'EN'
'TE'
'Ma'
'in'
'st'
're'
'am'
'CP'
'mG'
'ir'
'ls'
'DT'
'AC'
'Ad'
'ul'
'CP'
'XY'
'Mo'
'vi'
'st'
'ar'
'Ad'
'ul'
'CP'
'Ga'
'me'
'sC'
'lu'
'TE'
'EL'
'Ma'
'in'
'st'
're'
'am'
'CP'
'IF'
'RA'
'Pe'
'tr'
'ob'
'ra'
'Ma'
'in'
'st'
're'
'am'
'CP'
'RT'
'La'
'Ad'
'   RT    La    Adu   '
'RT'
'La'
'Ma'
'in'
'   RT    La    Main   '
'Br'
'un'
'et'
'te'
'Bl'
'ue'
'Bi'
'ki'
'ni'
'Ad'
'ul'
'CP'
'IF'
'RA'
'Au'
'st'
'ra'
'li'
'Fi'
'ne'
'st'
'Ho'
'te'
'ls'
'Ma'
'in'
'st'
're'
'am'
'CP'
'Wh'
'at'
'ap'
'Sa'
'fa'
'ri'
'co'
'Ai'
'rt'
'el'
'Go'
'lp'
'iz'
'Te'
'lc'
'el'
'Ma'
'in'
'st'
're'
'am'
'CP'
'Wh'
'at'
'sa'
'pp'
'Te'
'lc'
'el'
'Wi'
'fi'
'Ma'
'in'
'st'
're'
'am'
'CP'
'Ga'
'ng'
'Ba'
'ng'
'Tu'
'be'
'Vo'
'da'
'fo'
'ne'
'Ad'
'ul'
'CP'
'RT'
'AV'
'Ma'
'in'
'   RT    AV    Main   '
'RT'
'We'
'Ad'
'ul'
'   RT    We    Adult   '
'RT'
'St'
'Ad'
'   RT    Sta    Ad   '
'RT'
'St'
'Ma'
'in'
'   RT    Sta    Main   '
'RT'
'We'
'Ma'
'in'
'   RT    We    Main   '
'RT'
'Ad'
'ul'
'   RT    Y   Adult   '
'RT'
'Ma'
'in'
'st'
're'
'am'
'   RT    Y   Mainstream   '
'Wh'
'at'
'sa'
'pp'
'Av'
'ea'
'Vo'
'da'
'fo'
'ne'
'Ma'
'in'
'st'
're'
'am'
'CP'
'iF'
'ra'
'me'
'RT'
'RT'
'RT'
'Ma'
'in'
'RT'
'Ad'
'ul'
'to'
'cl'
'   RT    Adulto    clp   '
'RT'
'TX'
'Ma'
'in'
'st'
're'
'am'
'   RT    TX    Mainstream   '
'De'
'sc'
'ar'
'ga'
'Ce'
'na'
'Cl'
'ar'
'CP'
'   DescargaV  Cenam  Claro  CPA   '
'RT'
'Ad'
'ul'
